--
{'dump': False, 'file': '../etc/data/repgrid_1.csv', 'go': 'all', 'help': False, 'p': 2, 'seed': 937162211}
✅ pass: the
--
b4 {'a': 1, 'b': {'c': 2, 'd': [3]}}
after {'a': 1, 'b': {'c': 2, 'd': [10000]}}
✅ pass: copy
--
✅ pass: num
--
✅ pass: sym
--
{'a': 'Num', 'at': 0, 'hi': inf, 'id': 1944202480032, 'lo': -inf, 'm2': 16.9, 'mu': 4.1, 'n': 10, 'txt': 'Num6', 'w': 1}
{'a': 'Sym', 'at': 1, 'has': {}, 'id': 1944202480656, 'mode': None, 'most': 0, 'n': 0, 'txt': 'thingX'}
{'a': 'Row', 'cells': [5, 5, 1, 4, 5, 5, 'ChildrensBook:MatureBook'], 'id': 1944202479888}
{'a': 'Row', 'cells': [4, 3, 5, 5, 5, 1, 'ShortBook:LongBook'], 'id': 1944202310032}
{'a': 'Row', 'cells': [5, 4, 3, 5, 4, 3, 'LowRated:HighRated'], 'id': 1944202310128}
{'a': 'Row', 'cells': [3, 4, 2, 5, 3, 1, 'Non-Biography:Biography'], 'id': 1944202309216}
{'a': 'Row', 'cells': [5, 5, 4, 4, 3, 4, 'Fiction:Non-Fiction'], 'id': 1944202313008}
{'a': 'Row', 'cells': [5, 3, 2, 2, 5, 4, 'LightWeight:Dark'], 'id': 1944202309120}
{'a': 'Row', 'cells': [3, 4, 5, 5, 5, 1, 'Non-Series:Series'], 'id': 1944202313200}
{'a': 'Row', 'cells': [5, 5, 3, 5, 4, 1, 'Historical:Non-Historical'], 'id': 1944202313296}
{'a': 'Row', 'cells': [1, 4, 4, 5, 4, 1, 'OnlineCopy:PhysicalCopy'], 'id': 1944202313344}
{'a': 'Row', 'cells': [5, 4, 2, 1, 3, 5, 'Old:Newly Published'], 'id': 1944202310944}
✅ pass: repcols
--
{'cells': [5, 4, 5, 3, 5, 5, 3, 5, 1, 5, 'Indian Killer']}
{'cells': [5, 3, 4, 4, 5, 3, 4, 5, 4, 4, 'Kane & Abel']}
{'cells': [1, 5, 3, 2, 4, 2, 5, 3, 4, 2, 'Farenhiet 451']}
{'cells': [4, 5, 5, 5, 4, 2, 5, 5, 5, 1, 'Two States']}
{'cells': [5, 5, 4, 3, 3, 5, 5, 4, 4, 3, 'Panchtantra']}
{'cells': [5, 1, 3, 1, 4, 4, 1, 1, 1, 5, 'Rich Dad Poor Dad']}
{'a': 'Num', 'at': 0, 'hi': inf, 'id': 1944202312144, 'lo': -inf, 'm2': 12.833333333333336, 'mu': 4.166666666666667, 'n': 6, 'txt': 'ChildrensBook:MatureBook', 'w': 1}
{'a': 'Num', 'at': 1, 'hi': inf, 'id': 1944202312384, 'lo': -inf, 'm2': 12.833333333333334, 'mu': 3.8333333333333335, 'n': 6, 'txt': 'ShortBook:LongBook', 'w': 1}
{'a': 'Num', 'at': 2, 'hi': inf, 'id': 1944202312240, 'lo': -inf, 'm2': 4.0, 'mu': 4.0, 'n': 6, 'txt': 'LowRated:HighRated', 'w': 1}
{'a': 'Num', 'at': 3, 'hi': inf, 'id': 1944202310656, 'lo': -inf, 'm2': 10.0, 'mu': 3.0, 'n': 6, 'txt': 'Non-Biography:Biography', 'w': 1}
{'a': 'Num', 'at': 4, 'hi': inf, 'id': 1944202479696, 'lo': -inf, 'm2': 2.833333333333334, 'mu': 4.166666666666667, 'n': 6, 'txt': 'Fiction:Non-Fiction', 'w': 1}
{'a': 'Num', 'at': 5, 'hi': inf, 'id': 1944202480656, 'lo': -inf, 'm2': 9.5, 'mu': 3.5, 'n': 6, 'txt': 'LightWeight:Dark', 'w': 1}
{'a': 'Num', 'at': 6, 'hi': inf, 'id': 1944202480032, 'lo': -inf, 'm2': 12.833333333333334, 'mu': 3.8333333333333335, 'n': 6, 'txt': 'Non-Series:Series', 'w': 1}
{'a': 'Num', 'at': 7, 'hi': inf, 'id': 1944202479936, 'lo': -inf, 'm2': 12.833333333333334, 'mu': 3.8333333333333335, 'n': 6, 'txt': 'Historical:Non-Historical', 'w': 1}
{'a': 'Num', 'at': 8, 'hi': inf, 'id': 1944203533504, 'lo': -inf, 'm2': 14.833333333333334, 'mu': 3.166666666666667, 'n': 6, 'txt': 'OnlineCopy:PhysicalCopy', 'w': 1}
{'a': 'Num', 'at': 9, 'hi': inf, 'id': 1944203534560, 'lo': -inf, 'm2': 13.333333333333332, 'mu': 3.3333333333333335, 'n': 6, 'txt': 'Old:Newly Published', 'w': 1}
{'a': 'Sym', 'at': 10, 'has': {}, 'id': 1944203534512, 'mode': None, 'most': 0, 'n': 0, 'txt': 'thingX'}
{'a': 'Row', 'cells': [5, 4, 5, 3, 5, 5, 3, 5, 1, 5, 'Indian Killer'], 'id': 1944202310272}
{'a': 'Row', 'cells': [5, 3, 4, 4, 5, 3, 4, 5, 4, 4, 'Kane & Abel'], 'id': 1944203534416}
{'a': 'Row', 'cells': [1, 5, 3, 2, 4, 2, 5, 3, 4, 2, 'Farenhiet 451'], 'id': 1944203534368}
{'a': 'Row', 'cells': [4, 5, 5, 5, 4, 2, 5, 5, 5, 1, 'Two States'], 'id': 1944203534224}
{'a': 'Row', 'cells': [5, 5, 4, 3, 3, 5, 5, 4, 4, 3, 'Panchtantra'], 'id': 1944203534896}
{'a': 'Row', 'cells': [5, 1, 3, 1, 4, 4, 1, 1, 1, 5, 'Rich Dad Poor Dad'], 'id': 1944203533696}
✅ pass: reprows
--
 10
{}
|.. 10

|..|.. 10

|..|..|.. 10
{}
|..|..|.. 10
{}
|..|.. 10

|..|..|.. 10
{}
|..|..|.. 10

|..|..|..|.. 10
{}
|..|..|..|.. 10
{}
|.. 10

|..|.. 10

|..|..|.. 10
{}
|..|..|.. 10
{}
|..|.. 10

|..|..|.. 10
{}
|..|..|.. 10

|..|..|..|.. 10
{}
|..|..|..|.. 10
{}
✅ pass: synonyms
--
{'cells': [5, 4, 5, 3, 5, 5, 3, 5, 1, 5, 'Indian Killer']}
{'cells': [5, 3, 4, 4, 5, 3, 4, 5, 4, 4, 'Kane & Abel']}
{'cells': [1, 5, 3, 2, 4, 2, 5, 3, 4, 2, 'Farenhiet 451']}
{'cells': [4, 5, 5, 5, 4, 2, 5, 5, 5, 1, 'Two States']}
{'cells': [5, 5, 4, 3, 3, 5, 5, 4, 4, 3, 'Panchtantra']}
{'cells': [5, 1, 3, 1, 4, 4, 1, 1, 1, 5, 'Rich Dad Poor Dad']}
 6
{'Non-Biography:Biography': 3.0, 'Fiction:Non-Fiction': 4.2, 'Non-Series:Series': 3.8, 'Historical:Non-Historical': 3.8}
|.. 6

|..|.. 6
{'Non-Biography:Biography': 3.0, 'Fiction:Non-Fiction': 4.2, 'Non-Series:Series': 3.8, 'Historical:Non-Historical': 3.8}
|..|.. 6

|..|..|.. 6
{'Non-Biography:Biography': 3.0, 'Fiction:Non-Fiction': 4.2, 'Non-Series:Series': 3.8, 'Historical:Non-Historical': 3.8}
|..|..|.. 6
{'Non-Biography:Biography': 3.0, 'Fiction:Non-Fiction': 4.2, 'Non-Series:Series': 3.8, 'Historical:Non-Historical': 3.8}
|.. 6

|..|.. 6
{'Non-Biography:Biography': 3.0, 'Fiction:Non-Fiction': 4.2, 'Non-Series:Series': 3.8, 'Historical:Non-Historical': 3.8}
|..|.. 6

|..|..|.. 6
{'Non-Biography:Biography': 3.0, 'Fiction:Non-Fiction': 4.2, 'Non-Series:Series': 3.8, 'Historical:Non-Historical': 3.8}
|..|..|.. 6
{'Non-Biography:Biography': 3.0, 'Fiction:Non-Fiction': 4.2, 'Non-Series:Series': 3.8, 'Historical:Non-Historical': 3.8}
✅ pass: prototypes
--
{'cells': [5, 4, 5, 3, 5, 5, 3, 5, 1, 5, 'Indian Killer']}
{'cells': [5, 3, 4, 4, 5, 3, 4, 5, 4, 4, 'Kane & Abel']}
{'cells': [1, 5, 3, 2, 4, 2, 5, 3, 4, 2, 'Farenhiet 451']}
{'cells': [4, 5, 5, 5, 4, 2, 5, 5, 5, 1, 'Two States']}
{'cells': [5, 5, 4, 3, 3, 5, 5, 4, 4, 3, 'Panchtantra']}
{'cells': [5, 1, 3, 1, 4, 4, 1, 1, 1, 5, 'Rich Dad Poor Dad']}

A Indian Killer
B Kane & Abel
C Farenhiet 451
D Two States
E Panchtantra
F Rich Dad Poor Dad

✅ pass: position
--
{'cells': [5, 4, 5, 3, 5, 5, 3, 5, 1, 5, 'Indian Killer']}
{'cells': [5, 3, 4, 4, 5, 3, 4, 5, 4, 4, 'Kane & Abel']}
{'cells': [1, 5, 3, 2, 4, 2, 5, 3, 4, 2, 'Farenhiet 451']}
{'cells': [4, 5, 5, 5, 4, 2, 5, 5, 5, 1, 'Two States']}
{'cells': [5, 5, 4, 3, 3, 5, 5, 4, 4, 3, 'Panchtantra']}
{'cells': [5, 1, 3, 1, 4, 4, 1, 1, 1, 5, 'Rich Dad Poor Dad']}
 6
{'Non-Biography:Biography': 3.0, 'Fiction:Non-Fiction': 4.2, 'Non-Series:Series': 3.8, 'Historical:Non-Historical': 3.8}
|.. 6

|..|.. 6
{'Non-Biography:Biography': 3.0, 'Fiction:Non-Fiction': 4.2, 'Non-Series:Series': 3.8, 'Historical:Non-Historical': 3.8}
|..|.. 6

|..|..|.. 6
{'Non-Biography:Biography': 3.0, 'Fiction:Non-Fiction': 4.2, 'Non-Series:Series': 3.8, 'Historical:Non-Historical': 3.8}
|..|..|.. 6
{'Non-Biography:Biography': 3.0, 'Fiction:Non-Fiction': 4.2, 'Non-Series:Series': 3.8, 'Historical:Non-Historical': 3.8}
|.. 6

|..|.. 6
{'Non-Biography:Biography': 3.0, 'Fiction:Non-Fiction': 4.2, 'Non-Series:Series': 3.8, 'Historical:Non-Historical': 3.8}
|..|.. 6

|..|..|.. 6
{'Non-Biography:Biography': 3.0, 'Fiction:Non-Fiction': 4.2, 'Non-Series:Series': 3.8, 'Historical:Non-Historical': 3.8}
|..|..|.. 6
{'Non-Biography:Biography': 3.0, 'Fiction:Non-Fiction': 4.2, 'Non-Series:Series': 3.8, 'Historical:Non-Historical': 3.8}
 10
{}
|.. 10

|..|.. 10

|..|..|.. 10
{}
|..|..|.. 10
{}
|..|.. 10

|..|..|.. 10
{}
|..|..|.. 10

|..|..|..|.. 10
{}
|..|..|..|.. 10
{}
|.. 10

|..|.. 10

|..|..|.. 10
{}
|..|..|.. 10
{}
|..|.. 10

|..|..|.. 10
{}
|..|..|.. 10

|..|..|..|.. 10
{}
|..|..|..|.. 10
{}

A Indian Killer
B Kane & Abel
C Farenhiet 451
D Two States
E Panchtantra
F Rich Dad Poor Dad

✅ pass: every