--
{'dump': False, 'file': '../etc/data/repgrid1.csv', 'go': 'all', 'help': False, 'p': 2, 'seed': 937162211}
✅ pass: the
--
b4 {'a': 1, 'b': {'c': 2, 'd': [3]}}
after {'a': 1, 'b': {'c': 2, 'd': [10000]}}
✅ pass: copy
--
✅ pass: num
--
✅ pass: sym
--
{'a': 'Num', 'at': 0, 'hi': inf, 'id': 2333819308448, 'lo': -inf, 'm2': 13.5, 'mu': 1.75, 'n': 8, 'txt': 'Num10', 'w': 1}
{'a': 'Sym', 'at': 1, 'has': {}, 'id': 2333819309072, 'mode': None, 'most': 0, 'n': 0, 'txt': 'thingX'}
{'a': 'Row', 'cells': [5, 3, 3, 1, 1, 1, 1, 3, 5, 5, 'DevelopmentTool:Application'], 'id': 2333819308304}
{'a': 'Row', 'cells': [2, 1, 1, 5, 5, 5, 5, 5, 1, 2, 'Multimedia:Programming'], 'id': 2333819138448}
{'a': 'Row', 'cells': [1, 3, 1, 3, 2, 5, 4, 3, 1, 1, 'CommunicationTechnology:ApplicationTechnology'], 'id': 2333819138544}
{'a': 'Row', 'cells': [2, 1, 1, 1, 3, 5, 3, 2, 2, 2, 'HumanOrientedTool:SystemTool'], 'id': 2333819137632}
{'a': 'Row', 'cells': [1, 5, 3, 4, 1, 1, 4, 5, 4, 4, 'ConventionalCommunication:NovelCommunication'], 'id': 2333819141424}
{'a': 'Row', 'cells': [1, 4, 1, 1, 1, 1, 1, 5, 3, 1, 'OnlyActAsProgrammed:Semi-autonomous'], 'id': 2333819137536}
{'a': 'Row', 'cells': [1, 1, 1, 1, 1, 1, 5, 5, 1, 1, 'ConventionalSystem:IntelligentSystem'], 'id': 2333819141616}
{'a': 'Row', 'cells': [1, 1, 1, 1, 1, 5, 5, 5, 3, 3, 'TargetedOnInterface:TargetedOnOverallSystem'], 'id': 2333819141712}
✅ pass: repcols
--
{'cells': [5, 2, 1, 2, 1, 1, 1, 1, 'ElectronicPublishing']}
{'cells': [3, 1, 3, 1, 5, 4, 1, 1, 'VirtualReality']}
{'cells': [3, 1, 1, 1, 3, 1, 1, 1, 'MultimediaAndHypermedia']}
{'cells': [1, 5, 3, 1, 4, 1, 1, 1, 'VisualProgramming']}
{'cells': [1, 5, 2, 3, 1, 1, 1, 1, 'CrossPlatformGUIs']}
{'cells': [1, 5, 5, 5, 1, 1, 1, 5, 'ObjectOrientedSystems']}
{'cells': [1, 5, 4, 3, 4, 1, 5, 5, 'KnowledgeBasedSystems']}
{'cells': [3, 5, 3, 2, 5, 5, 5, 5, 'IntelligentAgents']}
{'cells': [5, 1, 1, 2, 4, 3, 1, 3, 'InformationHighway']}
{'cells': [5, 2, 1, 2, 4, 1, 1, 3, 'BroadbandNetworks']}
{'a': 'Num', 'at': 0, 'hi': inf, 'id': 2333819140896, 'lo': -inf, 'm2': 27.6, 'mu': 2.8, 'n': 10, 'txt': 'DevelopmentTool:Application', 'w': 1}
{'a': 'Num', 'at': 1, 'hi': inf, 'id': 2333819137728, 'lo': -inf, 'm2': 33.6, 'mu': 3.2, 'n': 10, 'txt': 'Multimedia:Programming', 'w': 1}
{'a': 'Num', 'at': 2, 'hi': inf, 'id': 2333819138688, 'lo': -inf, 'm2': 18.4, 'mu': 2.4, 'n': 10, 'txt': 'CommunicationTechnology:ApplicationTechnology', 'w': 1}
{'a': 'Num', 'at': 3, 'hi': inf, 'id': 2333814579520, 'lo': -inf, 'm2': 13.599999999999998, 'mu': 2.2000000000000006, 'n': 10, 'txt': 'HumanOrientedTool:SystemTool', 'w': 1}
{'a': 'Num', 'at': 4, 'hi': inf, 'id': 2333819308112, 'lo': -inf, 'm2': 23.6, 'mu': 3.2, 'n': 10, 'txt': 'ConventionalCommunication:NovelCommunication', 'w': 1}
{'a': 'Num', 'at': 5, 'hi': inf, 'id': 2333819309072, 'lo': -inf, 'm2': 20.9, 'mu': 1.9, 'n': 10, 'txt': 'OnlyActAsProgrammed:Semi-autonomous', 'w': 1}
{'a': 'Num', 'at': 6, 'hi': inf, 'id': 2333819308448, 'lo': -inf, 'm2': 25.6, 'mu': 1.8, 'n': 10, 'txt': 'ConventionalSystem:IntelligentSystem', 'w': 1}
{'a': 'Num', 'at': 7, 'hi': inf, 'id': 2333819308352, 'lo': -inf, 'm2': 30.4, 'mu': 2.5999999999999996, 'n': 10, 'txt': 'TargetedOnInterface:TargetedOnOverallSystem', 'w': 1}
{'a': 'Sym', 'at': 8, 'has': {}, 'id': 2333820379696, 'mode': None, 'most': 0, 'n': 0, 'txt': 'thingX'}
{'a': 'Row', 'cells': [5, 2, 1, 2, 1, 1, 1, 1, 'ElectronicPublishing'], 'id': 2333819140656}
{'a': 'Row', 'cells': [3, 1, 3, 1, 5, 4, 1, 1, 'VirtualReality'], 'id': 2333820378304}
{'a': 'Row', 'cells': [3, 1, 1, 1, 3, 1, 1, 1, 'MultimediaAndHypermedia'], 'id': 2333820379312}
{'a': 'Row', 'cells': [1, 5, 3, 1, 4, 1, 1, 1, 'VisualProgramming'], 'id': 2333820379216}
{'a': 'Row', 'cells': [1, 5, 2, 3, 1, 1, 1, 1, 'CrossPlatformGUIs'], 'id': 2333820379168}
{'a': 'Row', 'cells': [1, 5, 5, 5, 1, 1, 1, 5, 'ObjectOrientedSystems'], 'id': 2333820379024}
{'a': 'Row', 'cells': [1, 5, 4, 3, 4, 1, 5, 5, 'KnowledgeBasedSystems'], 'id': 2333820378544}
{'a': 'Row', 'cells': [3, 5, 3, 2, 5, 5, 5, 5, 'IntelligentAgents'], 'id': 2333820378448}
{'a': 'Row', 'cells': [5, 1, 1, 2, 4, 3, 1, 3, 'InformationHighway'], 'id': 2333820379792}
{'a': 'Row', 'cells': [5, 2, 1, 2, 4, 1, 1, 3, 'BroadbandNetworks'], 'id': 2333820378352}
✅ pass: reprows
--
 8
{}
|.. 8

|..|.. 8

|..|..|.. 8
{}
|..|..|.. 8
{}
|..|.. 8

|..|..|.. 8
{}
|..|..|.. 8
{}
|.. 8

|..|.. 8

|..|..|.. 8
{}
|..|..|.. 8
{}
|..|.. 8

|..|..|.. 8
{}
|..|..|.. 8
{}
✅ pass: synonyms
--
{'cells': [5, 2, 1, 2, 1, 1, 1, 1, 'ElectronicPublishing']}
{'cells': [3, 1, 3, 1, 5, 4, 1, 1, 'VirtualReality']}
{'cells': [3, 1, 1, 1, 3, 1, 1, 1, 'MultimediaAndHypermedia']}
{'cells': [1, 5, 3, 1, 4, 1, 1, 1, 'VisualProgramming']}
{'cells': [1, 5, 2, 3, 1, 1, 1, 1, 'CrossPlatformGUIs']}
{'cells': [1, 5, 5, 5, 1, 1, 1, 5, 'ObjectOrientedSystems']}
{'cells': [1, 5, 4, 3, 4, 1, 5, 5, 'KnowledgeBasedSystems']}
{'cells': [3, 5, 3, 2, 5, 5, 5, 5, 'IntelligentAgents']}
{'cells': [5, 1, 1, 2, 4, 3, 1, 3, 'InformationHighway']}
{'cells': [5, 2, 1, 2, 4, 1, 1, 3, 'BroadbandNetworks']}
 10
{'OnlyActAsProgrammed:Semi-autonomous': 1.9}
|.. 10

|..|.. 10

|..|..|.. 10
{'OnlyActAsProgrammed:Semi-autonomous': 1.9}
|..|..|.. 10
{'OnlyActAsProgrammed:Semi-autonomous': 1.9}
|..|.. 10

|..|..|.. 10
{'OnlyActAsProgrammed:Semi-autonomous': 1.9}
|..|..|.. 10

|..|..|..|.. 10
{'OnlyActAsProgrammed:Semi-autonomous': 1.9}
|..|..|..|.. 10
{'OnlyActAsProgrammed:Semi-autonomous': 1.9}
|.. 10

|..|.. 10

|..|..|.. 10
{'OnlyActAsProgrammed:Semi-autonomous': 1.9}
|..|..|.. 10
{'OnlyActAsProgrammed:Semi-autonomous': 1.9}
|..|.. 10

|..|..|.. 10
{'OnlyActAsProgrammed:Semi-autonomous': 1.9}
|..|..|.. 10

|..|..|..|.. 10
{'OnlyActAsProgrammed:Semi-autonomous': 1.9}
|..|..|..|.. 10
{'OnlyActAsProgrammed:Semi-autonomous': 1.9}
✅ pass: prototypes
--
{'cells': [5, 2, 1, 2, 1, 1, 1, 1, 'ElectronicPublishing']}
{'cells': [3, 1, 3, 1, 5, 4, 1, 1, 'VirtualReality']}
{'cells': [3, 1, 1, 1, 3, 1, 1, 1, 'MultimediaAndHypermedia']}
{'cells': [1, 5, 3, 1, 4, 1, 1, 1, 'VisualProgramming']}
{'cells': [1, 5, 2, 3, 1, 1, 1, 1, 'CrossPlatformGUIs']}
{'cells': [1, 5, 5, 5, 1, 1, 1, 5, 'ObjectOrientedSystems']}
{'cells': [1, 5, 4, 3, 4, 1, 5, 5, 'KnowledgeBasedSystems']}
{'cells': [3, 5, 3, 2, 5, 5, 5, 5, 'IntelligentAgents']}
{'cells': [5, 1, 1, 2, 4, 3, 1, 3, 'InformationHighway']}
{'cells': [5, 2, 1, 2, 4, 1, 1, 3, 'BroadbandNetworks']}

A ElectronicPublishing
B VirtualReality
C MultimediaAndHypermedia
D VisualProgramming
E CrossPlatformGUIs
F ObjectOrientedSystems
G KnowledgeBasedSystems
H IntelligentAgents
I InformationHighway
J BroadbandNetworks

✅ pass: position
--
{'cells': [5, 2, 1, 2, 1, 1, 1, 1, 'ElectronicPublishing']}
{'cells': [3, 1, 3, 1, 5, 4, 1, 1, 'VirtualReality']}
{'cells': [3, 1, 1, 1, 3, 1, 1, 1, 'MultimediaAndHypermedia']}
{'cells': [1, 5, 3, 1, 4, 1, 1, 1, 'VisualProgramming']}
{'cells': [1, 5, 2, 3, 1, 1, 1, 1, 'CrossPlatformGUIs']}
{'cells': [1, 5, 5, 5, 1, 1, 1, 5, 'ObjectOrientedSystems']}
{'cells': [1, 5, 4, 3, 4, 1, 5, 5, 'KnowledgeBasedSystems']}
{'cells': [3, 5, 3, 2, 5, 5, 5, 5, 'IntelligentAgents']}
{'cells': [5, 1, 1, 2, 4, 3, 1, 3, 'InformationHighway']}
{'cells': [5, 2, 1, 2, 4, 1, 1, 3, 'BroadbandNetworks']}
 10
{'OnlyActAsProgrammed:Semi-autonomous': 1.9}
|.. 10

|..|.. 10

|..|..|.. 10
{'OnlyActAsProgrammed:Semi-autonomous': 1.9}
|..|..|.. 10
{'OnlyActAsProgrammed:Semi-autonomous': 1.9}
|..|.. 10

|..|..|.. 10
{'OnlyActAsProgrammed:Semi-autonomous': 1.9}
|..|..|.. 10

|..|..|..|.. 10
{'OnlyActAsProgrammed:Semi-autonomous': 1.9}
|..|..|..|.. 10
{'OnlyActAsProgrammed:Semi-autonomous': 1.9}
|.. 10

|..|.. 10

|..|..|.. 10
{'OnlyActAsProgrammed:Semi-autonomous': 1.9}
|..|..|.. 10
{'OnlyActAsProgrammed:Semi-autonomous': 1.9}
|..|.. 10

|..|..|.. 10
{'OnlyActAsProgrammed:Semi-autonomous': 1.9}
|..|..|.. 10

|..|..|..|.. 10
{'OnlyActAsProgrammed:Semi-autonomous': 1.9}
|..|..|..|.. 10
{'OnlyActAsProgrammed:Semi-autonomous': 1.9}
 8
{}
|.. 8

|..|.. 8

|..|..|.. 8
{}
|..|..|.. 8
{}
|..|.. 8

|..|..|.. 8
{}
|..|..|.. 8
{}
|.. 8

|..|.. 8

|..|..|.. 8
{}
|..|..|.. 8
{}
|..|.. 8

|..|..|.. 8
{}
|..|..|.. 8
{}

A ElectronicPublishing
B VirtualReality
C MultimediaAndHypermedia
D VisualProgramming
E CrossPlatformGUIs
F ObjectOrientedSystems
G KnowledgeBasedSystems
H IntelligentAgents
I InformationHighway
J BroadbandNetworks

✅ pass: every